{"total": {"lines":{"total":2682,"covered":1960,"skipped":0,"pct":73.07},"statements":{"total":2702,"covered":1973,"skipped":0,"pct":73.01},"functions":{"total":319,"covered":242,"skipped":0,"pct":75.86},"branches":{"total":569,"covered":302,"skipped":0,"pct":53.07},"branchesTrue":{"total":0,"covered":0,"skipped":0,"pct":100}}
,"/home/runner/work/swarm-cli/swarm-cli/src/application.ts": {"lines":{"total":2,"covered":0,"skipped":0,"pct":0},"functions":{"total":0,"covered":0,"skipped":0,"pct":100},"statements":{"total":2,"covered":0,"skipped":0,"pct":0},"branches":{"total":0,"covered":0,"skipped":0,"pct":100}}
,"/home/runner/work/swarm-cli/swarm-cli/src/config.ts": {"lines":{"total":31,"covered":30,"skipped":0,"pct":96.77},"functions":{"total":1,"covered":0,"skipped":0,"pct":0},"statements":{"total":31,"covered":30,"skipped":0,"pct":96.77},"branches":{"total":0,"covered":0,"skipped":0,"pct":100}}
,"/home/runner/work/swarm-cli/swarm-cli/src/curl.ts": {"lines":{"total":24,"covered":24,"skipped":0,"pct":100},"functions":{"total":7,"covered":7,"skipped":0,"pct":100},"statements":{"total":25,"covered":25,"skipped":0,"pct":100},"branches":{"total":13,"covered":12,"skipped":0,"pct":92.3}}
,"/home/runner/work/swarm-cli/swarm-cli/src/index.ts": {"lines":{"total":16,"covered":0,"skipped":0,"pct":0},"functions":{"total":2,"covered":0,"skipped":0,"pct":0},"statements":{"total":16,"covered":0,"skipped":0,"pct":0},"branches":{"total":3,"covered":0,"skipped":0,"pct":0}}
,"/home/runner/work/swarm-cli/swarm-cli/src/printer.ts": {"lines":{"total":7,"covered":3,"skipped":0,"pct":42.85},"functions":{"total":4,"covered":0,"skipped":0,"pct":0},"statements":{"total":7,"covered":3,"skipped":0,"pct":42.85},"branches":{"total":0,"covered":0,"skipped":0,"pct":100}}
,"/home/runner/work/swarm-cli/swarm-cli/src/command/addresses.ts": {"lines":{"total":37,"covered":32,"skipped":0,"pct":86.48},"functions":{"total":6,"covered":5,"skipped":0,"pct":83.33},"statements":{"total":37,"covered":32,"skipped":0,"pct":86.48},"branches":{"total":0,"covered":0,"skipped":0,"pct":100}}
,"/home/runner/work/swarm-cli/swarm-cli/src/command/download.ts": {"lines":{"total":35,"covered":28,"skipped":0,"pct":80},"functions":{"total":4,"covered":4,"skipped":0,"pct":100},"statements":{"total":35,"covered":28,"skipped":0,"pct":80},"branches":{"total":11,"covered":4,"skipped":0,"pct":36.36}}
,"/home/runner/work/swarm-cli/swarm-cli/src/command/hash.ts": {"lines":{"total":10,"covered":8,"skipped":0,"pct":80},"functions":{"total":2,"covered":1,"skipped":0,"pct":50},"statements":{"total":10,"covered":8,"skipped":0,"pct":80},"branches":{"total":0,"covered":0,"skipped":0,"pct":100}}
,"/home/runner/work/swarm-cli/swarm-cli/src/command/status.ts": {"lines":{"total":79,"covered":57,"skipped":0,"pct":72.15},"functions":{"total":2,"covered":2,"skipped":0,"pct":100},"statements":{"total":79,"covered":57,"skipped":0,"pct":72.15},"branches":{"total":11,"covered":11,"skipped":0,"pct":100}}
,"/home/runner/work/swarm-cli/swarm-cli/src/command/upload.ts": {"lines":{"total":212,"covered":147,"skipped":0,"pct":69.33},"functions":{"total":15,"covered":13,"skipped":0,"pct":86.66},"statements":{"total":213,"covered":148,"skipped":0,"pct":69.48},"branches":{"total":95,"covered":53,"skipped":0,"pct":55.78}}
,"/home/runner/work/swarm-cli/swarm-cli/src/command/cheque/cashout.ts": {"lines":{"total":32,"covered":30,"skipped":0,"pct":93.75},"functions":{"total":4,"covered":4,"skipped":0,"pct":100},"statements":{"total":32,"covered":30,"skipped":0,"pct":93.75},"branches":{"total":2,"covered":2,"skipped":0,"pct":100}}
,"/home/runner/work/swarm-cli/swarm-cli/src/command/cheque/cheque-command.ts": {"lines":{"total":25,"covered":21,"skipped":0,"pct":84},"functions":{"total":5,"covered":5,"skipped":0,"pct":100},"statements":{"total":26,"covered":22,"skipped":0,"pct":84.61},"branches":{"total":2,"covered":0,"skipped":0,"pct":0}}
,"/home/runner/work/swarm-cli/swarm-cli/src/command/cheque/deposit.ts": {"lines":{"total":12,"covered":8,"skipped":0,"pct":66.66},"functions":{"total":2,"covered":1,"skipped":0,"pct":50},"statements":{"total":12,"covered":8,"skipped":0,"pct":66.66},"branches":{"total":0,"covered":0,"skipped":0,"pct":100}}
,"/home/runner/work/swarm-cli/swarm-cli/src/command/cheque/index.ts": {"lines":{"total":9,"covered":9,"skipped":0,"pct":100},"functions":{"total":1,"covered":1,"skipped":0,"pct":100},"statements":{"total":9,"covered":9,"skipped":0,"pct":100},"branches":{"total":0,"covered":0,"skipped":0,"pct":100}}
,"/home/runner/work/swarm-cli/swarm-cli/src/command/cheque/list.ts": {"lines":{"total":13,"covered":13,"skipped":0,"pct":100},"functions":{"total":3,"covered":3,"skipped":0,"pct":100},"statements":{"total":14,"covered":14,"skipped":0,"pct":100},"branches":{"total":1,"covered":1,"skipped":0,"pct":100}}
,"/home/runner/work/swarm-cli/swarm-cli/src/command/cheque/withdraw-all.ts": {"lines":{"total":15,"covered":6,"skipped":0,"pct":40},"functions":{"total":2,"covered":1,"skipped":0,"pct":50},"statements":{"total":15,"covered":6,"skipped":0,"pct":40},"branches":{"total":1,"covered":0,"skipped":0,"pct":0}}
,"/home/runner/work/swarm-cli/swarm-cli/src/command/cheque/withdraw.ts": {"lines":{"total":12,"covered":8,"skipped":0,"pct":66.66},"functions":{"total":2,"covered":1,"skipped":0,"pct":50},"statements":{"total":12,"covered":8,"skipped":0,"pct":66.66},"branches":{"total":0,"covered":0,"skipped":0,"pct":100}}
,"/home/runner/work/swarm-cli/swarm-cli/src/command/feed/feed-command.ts": {"lines":{"total":47,"covered":47,"skipped":0,"pct":100},"functions":{"total":5,"covered":5,"skipped":0,"pct":100},"statements":{"total":47,"covered":47,"skipped":0,"pct":100},"branches":{"total":14,"covered":14,"skipped":0,"pct":100}}
,"/home/runner/work/swarm-cli/swarm-cli/src/command/feed/index.ts": {"lines":{"total":7,"covered":7,"skipped":0,"pct":100},"functions":{"total":1,"covered":1,"skipped":0,"pct":100},"statements":{"total":7,"covered":7,"skipped":0,"pct":100},"branches":{"total":0,"covered":0,"skipped":0,"pct":100}}
,"/home/runner/work/swarm-cli/swarm-cli/src/command/feed/print.ts": {"lines":{"total":80,"covered":26,"skipped":0,"pct":32.5},"functions":{"total":4,"covered":2,"skipped":0,"pct":50},"statements":{"total":81,"covered":26,"skipped":0,"pct":32.09},"branches":{"total":21,"covered":4,"skipped":0,"pct":19.04}}
,"/home/runner/work/swarm-cli/swarm-cli/src/command/feed/update.ts": {"lines":{"total":15,"covered":14,"skipped":0,"pct":93.33},"functions":{"total":2,"covered":2,"skipped":0,"pct":100},"statements":{"total":15,"covered":14,"skipped":0,"pct":93.33},"branches":{"total":1,"covered":0,"skipped":0,"pct":0}}
,"/home/runner/work/swarm-cli/swarm-cli/src/command/feed/upload.ts": {"lines":{"total":24,"covered":22,"skipped":0,"pct":91.66},"functions":{"total":3,"covered":3,"skipped":0,"pct":100},"statements":{"total":24,"covered":22,"skipped":0,"pct":91.66},"branches":{"total":3,"covered":2,"skipped":0,"pct":66.66}}
,"/home/runner/work/swarm-cli/swarm-cli/src/command/grantee/create.ts": {"lines":{"total":20,"covered":20,"skipped":0,"pct":100},"functions":{"total":2,"covered":2,"skipped":0,"pct":100},"statements":{"total":20,"covered":20,"skipped":0,"pct":100},"branches":{"total":0,"covered":0,"skipped":0,"pct":100}}
,"/home/runner/work/swarm-cli/swarm-cli/src/command/grantee/get.ts": {"lines":{"total":11,"covered":11,"skipped":0,"pct":100},"functions":{"total":3,"covered":3,"skipped":0,"pct":100},"statements":{"total":11,"covered":11,"skipped":0,"pct":100},"branches":{"total":0,"covered":0,"skipped":0,"pct":100}}
,"/home/runner/work/swarm-cli/swarm-cli/src/command/grantee/grantee-command.ts": {"lines":{"total":2,"covered":2,"skipped":0,"pct":100},"functions":{"total":0,"covered":0,"skipped":0,"pct":100},"statements":{"total":2,"covered":2,"skipped":0,"pct":100},"branches":{"total":0,"covered":0,"skipped":0,"pct":100}}
,"/home/runner/work/swarm-cli/swarm-cli/src/command/grantee/index.ts": {"lines":{"total":7,"covered":7,"skipped":0,"pct":100},"functions":{"total":1,"covered":1,"skipped":0,"pct":100},"statements":{"total":7,"covered":7,"skipped":0,"pct":100},"branches":{"total":0,"covered":0,"skipped":0,"pct":100}}
,"/home/runner/work/swarm-cli/swarm-cli/src/command/grantee/patch.ts": {"lines":{"total":21,"covered":21,"skipped":0,"pct":100},"functions":{"total":2,"covered":2,"skipped":0,"pct":100},"statements":{"total":21,"covered":21,"skipped":0,"pct":100},"branches":{"total":0,"covered":0,"skipped":0,"pct":100}}
,"/home/runner/work/swarm-cli/swarm-cli/src/command/identity/create.ts": {"lines":{"total":41,"covered":36,"skipped":0,"pct":87.8},"functions":{"total":5,"covered":5,"skipped":0,"pct":100},"statements":{"total":41,"covered":36,"skipped":0,"pct":87.8},"branches":{"total":6,"covered":3,"skipped":0,"pct":50}}
,"/home/runner/work/swarm-cli/swarm-cli/src/command/identity/export.ts": {"lines":{"total":22,"covered":20,"skipped":0,"pct":90.9},"functions":{"total":3,"covered":3,"skipped":0,"pct":100},"statements":{"total":22,"covered":20,"skipped":0,"pct":90.9},"branches":{"total":6,"covered":4,"skipped":0,"pct":66.66}}
,"/home/runner/work/swarm-cli/swarm-cli/src/command/identity/identity-command.ts": {"lines":{"total":27,"covered":21,"skipped":0,"pct":77.77},"functions":{"total":6,"covered":5,"skipped":0,"pct":83.33},"statements":{"total":28,"covered":21,"skipped":0,"pct":75},"branches":{"total":6,"covered":4,"skipped":0,"pct":66.66}}
,"/home/runner/work/swarm-cli/swarm-cli/src/command/identity/import.ts": {"lines":{"total":63,"covered":50,"skipped":0,"pct":79.36},"functions":{"total":7,"covered":7,"skipped":0,"pct":100},"statements":{"total":63,"covered":50,"skipped":0,"pct":79.36},"branches":{"total":16,"covered":8,"skipped":0,"pct":50}}
,"/home/runner/work/swarm-cli/swarm-cli/src/command/identity/index.ts": {"lines":{"total":11,"covered":11,"skipped":0,"pct":100},"functions":{"total":1,"covered":1,"skipped":0,"pct":100},"statements":{"total":11,"covered":11,"skipped":0,"pct":100},"branches":{"total":0,"covered":0,"skipped":0,"pct":100}}
,"/home/runner/work/swarm-cli/swarm-cli/src/command/identity/list.ts": {"lines":{"total":21,"covered":21,"skipped":0,"pct":100},"functions":{"total":2,"covered":2,"skipped":0,"pct":100},"statements":{"total":21,"covered":21,"skipped":0,"pct":100},"branches":{"total":3,"covered":3,"skipped":0,"pct":100}}
,"/home/runner/work/swarm-cli/swarm-cli/src/command/identity/remove.ts": {"lines":{"total":21,"covered":15,"skipped":0,"pct":71.42},"functions":{"total":2,"covered":2,"skipped":0,"pct":100},"statements":{"total":21,"covered":15,"skipped":0,"pct":71.42},"branches":{"total":3,"covered":0,"skipped":0,"pct":0}}
,"/home/runner/work/swarm-cli/swarm-cli/src/command/identity/rename.ts": {"lines":{"total":16,"covered":16,"skipped":0,"pct":100},"functions":{"total":2,"covered":2,"skipped":0,"pct":100},"statements":{"total":16,"covered":16,"skipped":0,"pct":100},"branches":{"total":1,"covered":1,"skipped":0,"pct":100}}
,"/home/runner/work/swarm-cli/swarm-cli/src/command/identity/show.ts": {"lines":{"total":33,"covered":27,"skipped":0,"pct":81.81},"functions":{"total":3,"covered":3,"skipped":0,"pct":100},"statements":{"total":33,"covered":27,"skipped":0,"pct":81.81},"branches":{"total":10,"covered":4,"skipped":0,"pct":40}}
,"/home/runner/work/swarm-cli/swarm-cli/src/command/manifest/add.ts": {"lines":{"total":39,"covered":38,"skipped":0,"pct":97.43},"functions":{"total":3,"covered":3,"skipped":0,"pct":100},"statements":{"total":39,"covered":38,"skipped":0,"pct":97.43},"branches":{"total":11,"covered":10,"skipped":0,"pct":90.9}}
,"/home/runner/work/swarm-cli/swarm-cli/src/command/manifest/create.ts": {"lines":{"total":17,"covered":16,"skipped":0,"pct":94.11},"functions":{"total":2,"covered":2,"skipped":0,"pct":100},"statements":{"total":17,"covered":16,"skipped":0,"pct":94.11},"branches":{"total":1,"covered":0,"skipped":0,"pct":0}}
,"/home/runner/work/swarm-cli/swarm-cli/src/command/manifest/download.ts": {"lines":{"total":50,"covered":49,"skipped":0,"pct":98},"functions":{"total":4,"covered":4,"skipped":0,"pct":100},"statements":{"total":51,"covered":50,"skipped":0,"pct":98.03},"branches":{"total":20,"covered":19,"skipped":0,"pct":95}}
,"/home/runner/work/swarm-cli/swarm-cli/src/command/manifest/index.ts": {"lines":{"total":11,"covered":11,"skipped":0,"pct":100},"functions":{"total":1,"covered":1,"skipped":0,"pct":100},"statements":{"total":11,"covered":11,"skipped":0,"pct":100},"branches":{"total":0,"covered":0,"skipped":0,"pct":100}}
,"/home/runner/work/swarm-cli/swarm-cli/src/command/manifest/list.ts": {"lines":{"total":42,"covered":40,"skipped":0,"pct":95.23},"functions":{"total":5,"covered":4,"skipped":0,"pct":80},"statements":{"total":43,"covered":41,"skipped":0,"pct":95.34},"branches":{"total":10,"covered":9,"skipped":0,"pct":90}}
,"/home/runner/work/swarm-cli/swarm-cli/src/command/manifest/merge.ts": {"lines":{"total":25,"covered":24,"skipped":0,"pct":96},"functions":{"total":2,"covered":2,"skipped":0,"pct":100},"statements":{"total":25,"covered":24,"skipped":0,"pct":96},"branches":{"total":1,"covered":0,"skipped":0,"pct":0}}
,"/home/runner/work/swarm-cli/swarm-cli/src/command/manifest/remove.ts": {"lines":{"total":29,"covered":26,"skipped":0,"pct":89.65},"functions":{"total":3,"covered":2,"skipped":0,"pct":66.66},"statements":{"total":29,"covered":26,"skipped":0,"pct":89.65},"branches":{"total":3,"covered":1,"skipped":0,"pct":33.33}}
,"/home/runner/work/swarm-cli/swarm-cli/src/command/manifest/sync.ts": {"lines":{"total":50,"covered":46,"skipped":0,"pct":92},"functions":{"total":2,"covered":2,"skipped":0,"pct":100},"statements":{"total":50,"covered":46,"skipped":0,"pct":92},"branches":{"total":7,"covered":5,"skipped":0,"pct":71.42}}
,"/home/runner/work/swarm-cli/swarm-cli/src/command/pinning/index.ts": {"lines":{"total":9,"covered":9,"skipped":0,"pct":100},"functions":{"total":1,"covered":1,"skipped":0,"pct":100},"statements":{"total":9,"covered":9,"skipped":0,"pct":100},"branches":{"total":0,"covered":0,"skipped":0,"pct":100}}
,"/home/runner/work/swarm-cli/swarm-cli/src/command/pinning/list.ts": {"lines":{"total":14,"covered":14,"skipped":0,"pct":100},"functions":{"total":2,"covered":2,"skipped":0,"pct":100},"statements":{"total":14,"covered":14,"skipped":0,"pct":100},"branches":{"total":0,"covered":0,"skipped":0,"pct":100}}
,"/home/runner/work/swarm-cli/swarm-cli/src/command/pinning/pin.ts": {"lines":{"total":11,"covered":10,"skipped":0,"pct":90.9},"functions":{"total":2,"covered":2,"skipped":0,"pct":100},"statements":{"total":11,"covered":10,"skipped":0,"pct":90.9},"branches":{"total":0,"covered":0,"skipped":0,"pct":100}}
,"/home/runner/work/swarm-cli/swarm-cli/src/command/pinning/pinning-command.ts": {"lines":{"total":8,"covered":5,"skipped":0,"pct":62.5},"functions":{"total":1,"covered":1,"skipped":0,"pct":100},"statements":{"total":8,"covered":5,"skipped":0,"pct":62.5},"branches":{"total":1,"covered":0,"skipped":0,"pct":0}}
,"/home/runner/work/swarm-cli/swarm-cli/src/command/pinning/reupload-all.ts": {"lines":{"total":23,"covered":21,"skipped":0,"pct":91.3},"functions":{"total":3,"covered":3,"skipped":0,"pct":100},"statements":{"total":23,"covered":21,"skipped":0,"pct":91.3},"branches":{"total":0,"covered":0,"skipped":0,"pct":100}}
,"/home/runner/work/swarm-cli/swarm-cli/src/command/pinning/reupload.ts": {"lines":{"total":17,"covered":9,"skipped":0,"pct":52.94},"functions":{"total":2,"covered":1,"skipped":0,"pct":50},"statements":{"total":17,"covered":9,"skipped":0,"pct":52.94},"branches":{"total":1,"covered":0,"skipped":0,"pct":0}}
,"/home/runner/work/swarm-cli/swarm-cli/src/command/pinning/unpin.ts": {"lines":{"total":11,"covered":11,"skipped":0,"pct":100},"functions":{"total":2,"covered":2,"skipped":0,"pct":100},"statements":{"total":11,"covered":11,"skipped":0,"pct":100},"branches":{"total":0,"covered":0,"skipped":0,"pct":100}}
,"/home/runner/work/swarm-cli/swarm-cli/src/command/pss/index.ts": {"lines":{"total":7,"covered":7,"skipped":0,"pct":100},"functions":{"total":1,"covered":1,"skipped":0,"pct":100},"statements":{"total":7,"covered":7,"skipped":0,"pct":100},"branches":{"total":0,"covered":0,"skipped":0,"pct":100}}
,"/home/runner/work/swarm-cli/swarm-cli/src/command/pss/pss-command.ts": {"lines":{"total":8,"covered":8,"skipped":0,"pct":100},"functions":{"total":2,"covered":2,"skipped":0,"pct":100},"statements":{"total":8,"covered":8,"skipped":0,"pct":100},"branches":{"total":0,"covered":0,"skipped":0,"pct":100}}
,"/home/runner/work/swarm-cli/swarm-cli/src/command/pss/receive.ts": {"lines":{"total":24,"covered":18,"skipped":0,"pct":75},"functions":{"total":2,"covered":2,"skipped":0,"pct":100},"statements":{"total":24,"covered":18,"skipped":0,"pct":75},"branches":{"total":6,"covered":2,"skipped":0,"pct":33.33}}
,"/home/runner/work/swarm-cli/swarm-cli/src/command/pss/send.ts": {"lines":{"total":34,"covered":29,"skipped":0,"pct":85.29},"functions":{"total":2,"covered":2,"skipped":0,"pct":100},"statements":{"total":34,"covered":29,"skipped":0,"pct":85.29},"branches":{"total":5,"covered":2,"skipped":0,"pct":40}}
,"/home/runner/work/swarm-cli/swarm-cli/src/command/pss/subscribe.ts": {"lines":{"total":18,"covered":8,"skipped":0,"pct":44.44},"functions":{"total":5,"covered":1,"skipped":0,"pct":20},"statements":{"total":18,"covered":8,"skipped":0,"pct":44.44},"branches":{"total":4,"covered":0,"skipped":0,"pct":0}}
,"/home/runner/work/swarm-cli/swarm-cli/src/command/root-command/command-config.ts": {"lines":{"total":36,"covered":30,"skipped":0,"pct":83.33},"functions":{"total":6,"covered":6,"skipped":0,"pct":100},"statements":{"total":39,"covered":32,"skipped":0,"pct":82.05},"branches":{"total":9,"covered":5,"skipped":0,"pct":55.55}}
,"/home/runner/work/swarm-cli/swarm-cli/src/command/root-command/command-log.ts": {"lines":{"total":78,"covered":60,"skipped":0,"pct":76.92},"functions":{"total":9,"covered":6,"skipped":0,"pct":66.66},"statements":{"total":78,"covered":60,"skipped":0,"pct":76.92},"branches":{"total":11,"covered":7,"skipped":0,"pct":63.63}}
,"/home/runner/work/swarm-cli/swarm-cli/src/command/root-command/index.ts": {"lines":{"total":44,"covered":40,"skipped":0,"pct":90.9},"functions":{"total":4,"covered":4,"skipped":0,"pct":100},"statements":{"total":44,"covered":40,"skipped":0,"pct":90.9},"branches":{"total":9,"covered":5,"skipped":0,"pct":55.55}}
,"/home/runner/work/swarm-cli/swarm-cli/src/command/root-command/printer.ts": {"lines":{"total":9,"covered":9,"skipped":0,"pct":100},"functions":{"total":6,"covered":6,"skipped":0,"pct":100},"statements":{"total":9,"covered":9,"skipped":0,"pct":100},"branches":{"total":1,"covered":1,"skipped":0,"pct":100}}
,"/home/runner/work/swarm-cli/swarm-cli/src/command/stake/deposit.ts": {"lines":{"total":40,"covered":31,"skipped":0,"pct":77.5},"functions":{"total":3,"covered":3,"skipped":0,"pct":100},"statements":{"total":40,"covered":31,"skipped":0,"pct":77.5},"branches":{"total":17,"covered":11,"skipped":0,"pct":64.7}}
,"/home/runner/work/swarm-cli/swarm-cli/src/command/stake/index.ts": {"lines":{"total":8,"covered":8,"skipped":0,"pct":100},"functions":{"total":1,"covered":1,"skipped":0,"pct":100},"statements":{"total":8,"covered":8,"skipped":0,"pct":100},"branches":{"total":0,"covered":0,"skipped":0,"pct":100}}
,"/home/runner/work/swarm-cli/swarm-cli/src/command/stake/recover.ts": {"lines":{"total":22,"covered":10,"skipped":0,"pct":45.45},"functions":{"total":2,"covered":1,"skipped":0,"pct":50},"statements":{"total":22,"covered":10,"skipped":0,"pct":45.45},"branches":{"total":1,"covered":0,"skipped":0,"pct":0}}
,"/home/runner/work/swarm-cli/swarm-cli/src/command/stake/status.ts": {"lines":{"total":11,"covered":11,"skipped":0,"pct":100},"functions":{"total":2,"covered":2,"skipped":0,"pct":100},"statements":{"total":11,"covered":11,"skipped":0,"pct":100},"branches":{"total":0,"covered":0,"skipped":0,"pct":100}}
,"/home/runner/work/swarm-cli/swarm-cli/src/command/stake/withdraw.ts": {"lines":{"total":25,"covered":7,"skipped":0,"pct":28},"functions":{"total":2,"covered":1,"skipped":0,"pct":50},"statements":{"total":25,"covered":7,"skipped":0,"pct":28},"branches":{"total":10,"covered":0,"skipped":0,"pct":0}}
,"/home/runner/work/swarm-cli/swarm-cli/src/command/stamp/buy.ts": {"lines":{"total":65,"covered":51,"skipped":0,"pct":78.46},"functions":{"total":2,"covered":2,"skipped":0,"pct":100},"statements":{"total":65,"covered":51,"skipped":0,"pct":78.46},"branches":{"total":20,"covered":14,"skipped":0,"pct":70}}
,"/home/runner/work/swarm-cli/swarm-cli/src/command/stamp/create.ts": {"lines":{"total":72,"covered":18,"skipped":0,"pct":25},"functions":{"total":2,"covered":1,"skipped":0,"pct":50},"statements":{"total":72,"covered":18,"skipped":0,"pct":25},"branches":{"total":18,"covered":0,"skipped":0,"pct":0}}
,"/home/runner/work/swarm-cli/swarm-cli/src/command/stamp/dilute.ts": {"lines":{"total":27,"covered":12,"skipped":0,"pct":44.44},"functions":{"total":2,"covered":1,"skipped":0,"pct":50},"statements":{"total":27,"covered":12,"skipped":0,"pct":44.44},"branches":{"total":5,"covered":0,"skipped":0,"pct":0}}
,"/home/runner/work/swarm-cli/swarm-cli/src/command/stamp/extend.ts": {"lines":{"total":51,"covered":10,"skipped":0,"pct":19.6},"functions":{"total":3,"covered":1,"skipped":0,"pct":33.33},"statements":{"total":52,"covered":10,"skipped":0,"pct":19.23},"branches":{"total":13,"covered":0,"skipped":0,"pct":0}}
,"/home/runner/work/swarm-cli/swarm-cli/src/command/stamp/index.ts": {"lines":{"total":11,"covered":11,"skipped":0,"pct":100},"functions":{"total":1,"covered":1,"skipped":0,"pct":100},"statements":{"total":11,"covered":11,"skipped":0,"pct":100},"branches":{"total":0,"covered":0,"skipped":0,"pct":100}}
,"/home/runner/work/swarm-cli/swarm-cli/src/command/stamp/list.ts": {"lines":{"total":31,"covered":28,"skipped":0,"pct":90.32},"functions":{"total":6,"covered":4,"skipped":0,"pct":66.66},"statements":{"total":32,"covered":29,"skipped":0,"pct":90.62},"branches":{"total":11,"covered":9,"skipped":0,"pct":81.81}}
,"/home/runner/work/swarm-cli/swarm-cli/src/command/stamp/show.ts": {"lines":{"total":14,"covered":13,"skipped":0,"pct":92.85},"functions":{"total":2,"covered":2,"skipped":0,"pct":100},"statements":{"total":14,"covered":13,"skipped":0,"pct":92.85},"branches":{"total":1,"covered":0,"skipped":0,"pct":0}}
,"/home/runner/work/swarm-cli/swarm-cli/src/command/stamp/stamp-command.ts": {"lines":{"total":7,"covered":3,"skipped":0,"pct":42.85},"functions":{"total":1,"covered":0,"skipped":0,"pct":0},"statements":{"total":7,"covered":3,"skipped":0,"pct":42.85},"branches":{"total":0,"covered":0,"skipped":0,"pct":100}}
,"/home/runner/work/swarm-cli/swarm-cli/src/command/stamp/topup.ts": {"lines":{"total":23,"covered":11,"skipped":0,"pct":47.82},"functions":{"total":2,"covered":1,"skipped":0,"pct":50},"statements":{"total":23,"covered":11,"skipped":0,"pct":47.82},"branches":{"total":4,"covered":0,"skipped":0,"pct":0}}
,"/home/runner/work/swarm-cli/swarm-cli/src/command/utility/cid.ts": {"lines":{"total":13,"covered":8,"skipped":0,"pct":61.53},"functions":{"total":2,"covered":1,"skipped":0,"pct":50},"statements":{"total":13,"covered":8,"skipped":0,"pct":61.53},"branches":{"total":0,"covered":0,"skipped":0,"pct":100}}
,"/home/runner/work/swarm-cli/swarm-cli/src/command/utility/create-batch.ts": {"lines":{"total":34,"covered":14,"skipped":0,"pct":41.17},"functions":{"total":3,"covered":1,"skipped":0,"pct":33.33},"statements":{"total":35,"covered":14,"skipped":0,"pct":40},"branches":{"total":2,"covered":0,"skipped":0,"pct":0}}
,"/home/runner/work/swarm-cli/swarm-cli/src/command/utility/get-bee.ts": {"lines":{"total":37,"covered":10,"skipped":0,"pct":27.02},"functions":{"total":4,"covered":1,"skipped":0,"pct":25},"statements":{"total":37,"covered":10,"skipped":0,"pct":27.02},"branches":{"total":9,"covered":0,"skipped":0,"pct":0}}
,"/home/runner/work/swarm-cli/swarm-cli/src/command/utility/index.ts": {"lines":{"total":23,"covered":15,"skipped":0,"pct":65.21},"functions":{"total":2,"covered":1,"skipped":0,"pct":50},"statements":{"total":23,"covered":15,"skipped":0,"pct":65.21},"branches":{"total":2,"covered":0,"skipped":0,"pct":0}}
,"/home/runner/work/swarm-cli/swarm-cli/src/command/utility/lock.ts": {"lines":{"total":11,"covered":7,"skipped":0,"pct":63.63},"functions":{"total":2,"covered":1,"skipped":0,"pct":50},"statements":{"total":11,"covered":7,"skipped":0,"pct":63.63},"branches":{"total":0,"covered":0,"skipped":0,"pct":100}}
,"/home/runner/work/swarm-cli/swarm-cli/src/command/utility/rchash.ts": {"lines":{"total":23,"covered":7,"skipped":0,"pct":30.43},"functions":{"total":3,"covered":1,"skipped":0,"pct":33.33},"statements":{"total":23,"covered":7,"skipped":0,"pct":30.43},"branches":{"total":0,"covered":0,"skipped":0,"pct":100}}
,"/home/runner/work/swarm-cli/swarm-cli/src/command/utility/redeem.ts": {"lines":{"total":51,"covered":12,"skipped":0,"pct":23.52},"functions":{"total":2,"covered":1,"skipped":0,"pct":50},"statements":{"total":52,"covered":12,"skipped":0,"pct":23.07},"branches":{"total":11,"covered":0,"skipped":0,"pct":0}}
,"/home/runner/work/swarm-cli/swarm-cli/src/command/utility/unlock.ts": {"lines":{"total":12,"covered":7,"skipped":0,"pct":58.33},"functions":{"total":2,"covered":1,"skipped":0,"pct":50},"statements":{"total":12,"covered":7,"skipped":0,"pct":58.33},"branches":{"total":1,"covered":0,"skipped":0,"pct":0}}
,"/home/runner/work/swarm-cli/swarm-cli/src/command/wallet/index.ts": {"lines":{"total":7,"covered":7,"skipped":0,"pct":100},"functions":{"total":1,"covered":1,"skipped":0,"pct":100},"statements":{"total":7,"covered":7,"skipped":0,"pct":100},"branches":{"total":0,"covered":0,"skipped":0,"pct":100}}
,"/home/runner/work/swarm-cli/swarm-cli/src/command/wallet/status.ts": {"lines":{"total":11,"covered":11,"skipped":0,"pct":100},"functions":{"total":2,"covered":2,"skipped":0,"pct":100},"statements":{"total":11,"covered":11,"skipped":0,"pct":100},"branches":{"total":0,"covered":0,"skipped":0,"pct":100}}
,"/home/runner/work/swarm-cli/swarm-cli/src/command/wallet/withdraw-bzz.ts": {"lines":{"total":21,"covered":19,"skipped":0,"pct":90.47},"functions":{"total":2,"covered":2,"skipped":0,"pct":100},"statements":{"total":21,"covered":19,"skipped":0,"pct":90.47},"branches":{"total":6,"covered":3,"skipped":0,"pct":50}}
,"/home/runner/work/swarm-cli/swarm-cli/src/command/wallet/withdraw-dai.ts": {"lines":{"total":21,"covered":19,"skipped":0,"pct":90.47},"functions":{"total":2,"covered":2,"skipped":0,"pct":100},"statements":{"total":21,"covered":19,"skipped":0,"pct":90.47},"branches":{"total":6,"covered":3,"skipped":0,"pct":50}}
,"/home/runner/work/swarm-cli/swarm-cli/src/service/identity/index.ts": {"lines":{"total":36,"covered":32,"skipped":0,"pct":88.88},"functions":{"total":7,"covered":7,"skipped":0,"pct":100},"statements":{"total":36,"covered":32,"skipped":0,"pct":88.88},"branches":{"total":9,"covered":6,"skipped":0,"pct":66.66}}
,"/home/runner/work/swarm-cli/swarm-cli/src/service/identity/types/identity.ts": {"lines":{"total":4,"covered":4,"skipped":0,"pct":100},"functions":{"total":1,"covered":1,"skipped":0,"pct":100},"statements":{"total":4,"covered":4,"skipped":0,"pct":100},"branches":{"total":2,"covered":2,"skipped":0,"pct":100}}
,"/home/runner/work/swarm-cli/swarm-cli/src/service/identity/types/index.ts": {"lines":{"total":1,"covered":1,"skipped":0,"pct":100},"functions":{"total":2,"covered":1,"skipped":0,"pct":50},"statements":{"total":3,"covered":3,"skipped":0,"pct":100},"branches":{"total":0,"covered":0,"skipped":0,"pct":100}}
,"/home/runner/work/swarm-cli/swarm-cli/src/service/stamp/index.ts": {"lines":{"total":32,"covered":30,"skipped":0,"pct":93.75},"functions":{"total":4,"covered":4,"skipped":0,"pct":100},"statements":{"total":32,"covered":30,"skipped":0,"pct":93.75},"branches":{"total":11,"covered":8,"skipped":0,"pct":72.72}}
,"/home/runner/work/swarm-cli/swarm-cli/src/utils/bzz-address.ts": {"lines":{"total":30,"covered":24,"skipped":0,"pct":80},"functions":{"total":3,"covered":2,"skipped":0,"pct":66.66},"statements":{"total":30,"covered":24,"skipped":0,"pct":80},"branches":{"total":6,"covered":3,"skipped":0,"pct":50}}
,"/home/runner/work/swarm-cli/swarm-cli/src/utils/chainsync.ts": {"lines":{"total":4,"covered":4,"skipped":0,"pct":100},"functions":{"total":1,"covered":1,"skipped":0,"pct":100},"statements":{"total":4,"covered":4,"skipped":0,"pct":100},"branches":{"total":0,"covered":0,"skipped":0,"pct":100}}
,"/home/runner/work/swarm-cli/swarm-cli/src/utils/contracts.ts": {"lines":{"total":3,"covered":3,"skipped":0,"pct":100},"functions":{"total":0,"covered":0,"skipped":0,"pct":100},"statements":{"total":3,"covered":3,"skipped":0,"pct":100},"branches":{"total":0,"covered":0,"skipped":0,"pct":100}}
,"/home/runner/work/swarm-cli/swarm-cli/src/utils/error.ts": {"lines":{"total":41,"covered":36,"skipped":0,"pct":87.8},"functions":{"total":6,"covered":6,"skipped":0,"pct":100},"statements":{"total":41,"covered":36,"skipped":0,"pct":87.8},"branches":{"total":28,"covered":25,"skipped":0,"pct":89.28}}
,"/home/runner/work/swarm-cli/swarm-cli/src/utils/hex.ts": {"lines":{"total":14,"covered":10,"skipped":0,"pct":71.42},"functions":{"total":4,"covered":2,"skipped":0,"pct":50},"statements":{"total":16,"covered":11,"skipped":0,"pct":68.75},"branches":{"total":5,"covered":1,"skipped":0,"pct":20}}
,"/home/runner/work/swarm-cli/swarm-cli/src/utils/index.ts": {"lines":{"total":83,"covered":51,"skipped":0,"pct":61.44},"functions":{"total":18,"covered":11,"skipped":0,"pct":61.11},"statements":{"total":83,"covered":51,"skipped":0,"pct":61.44},"branches":{"total":25,"covered":14,"skipped":0,"pct":56}}
,"/home/runner/work/swarm-cli/swarm-cli/src/utils/message.ts": {"lines":{"total":12,"covered":3,"skipped":0,"pct":25},"functions":{"total":11,"covered":2,"skipped":0,"pct":18.18},"statements":{"total":12,"covered":3,"skipped":0,"pct":25},"branches":{"total":2,"covered":0,"skipped":0,"pct":0}}
,"/home/runner/work/swarm-cli/swarm-cli/src/utils/mime.ts": {"lines":{"total":5,"covered":5,"skipped":0,"pct":100},"functions":{"total":1,"covered":1,"skipped":0,"pct":100},"statements":{"total":5,"covered":5,"skipped":0,"pct":100},"branches":{"total":2,"covered":2,"skipped":0,"pct":100}}
,"/home/runner/work/swarm-cli/swarm-cli/src/utils/option.ts": {"lines":{"total":3,"covered":3,"skipped":0,"pct":100},"functions":{"total":0,"covered":0,"skipped":0,"pct":100},"statements":{"total":3,"covered":3,"skipped":0,"pct":100},"branches":{"total":0,"covered":0,"skipped":0,"pct":100}}
,"/home/runner/work/swarm-cli/swarm-cli/src/utils/rpc.ts": {"lines":{"total":37,"covered":9,"skipped":0,"pct":24.32},"functions":{"total":6,"covered":0,"skipped":0,"pct":0},"statements":{"total":37,"covered":9,"skipped":0,"pct":24.32},"branches":{"total":5,"covered":0,"skipped":0,"pct":0}}
,"/home/runner/work/swarm-cli/swarm-cli/src/utils/spinner.ts": {"lines":{"total":15,"covered":15,"skipped":0,"pct":100},"functions":{"total":2,"covered":2,"skipped":0,"pct":100},"statements":{"total":15,"covered":15,"skipped":0,"pct":100},"branches":{"total":5,"covered":3,"skipped":0,"pct":60}}
,"/home/runner/work/swarm-cli/swarm-cli/src/utils/text.ts": {"lines":{"total":17,"covered":14,"skipped":0,"pct":82.35},"functions":{"total":7,"covered":5,"skipped":0,"pct":71.42},"statements":{"total":18,"covered":15,"skipped":0,"pct":83.33},"branches":{"total":3,"covered":2,"skipped":0,"pct":66.66}}
}
